<?xml version="1.0" encoding="UTF-8"?>
<!-- Generated by org.testng.reporters.JUnitReportReporter -->
<testsuite hostname="Administrator" failures="0" tests="12" name="Scripts.Thoughtwork" time="11.180" errors="0" timestamp="2021-04-18T23:25:20 IST" skipped="0">
  <testcase classname="Scripts.Thoughtwork" name="registerUserPasswordMissing_Negative" time="0.701"/>
  <system-out/>
  <testcase classname="Scripts.Thoughtwork" name="registerUser_Positive" time="0.721"/>
  <system-out/>
  <testcase classname="Scripts.Thoughtwork" name="registerUserNoBody_Negative" time="0.673"/>
  <system-out/>
  <testcase classname="Scripts.Thoughtwork" name="loginWithoutPassword_Negative" time="0.745"/>
  <system-out/>
  <testcase classname="Scripts.Thoughtwork" name="registerUserEmailMissing_Negative" time="0.719"/>
  <system-out/>
  <testcase classname="Scripts.Thoughtwork" name="registerUserWrongEmail_Negative" time="0.697"/>
  <system-out/>
  <testcase classname="Scripts.Thoughtwork" name="loginWithoutUsername_Negative" time="0.761"/>
  <system-out/>
  <testcase classname="Scripts.Thoughtwork" name="createuser_Postive" time="3.479"/>
  <system-out/>
  <testcase classname="Scripts.Thoughtwork" name="login_Positive" time="0.717"/>
  <system-out/>
  <testcase classname="Scripts.Thoughtwork" name="userList_Postive" time="0.394"/>
  <system-out/>
  <testcase classname="Scripts.Thoughtwork" name="deleteuser_Postive" time="0.793"/>
  <system-out/>
  <testcase classname="Scripts.Thoughtwork" name="loginWithwrongUsername_Negative" time="0.780"/>
  <system-out/>
</testsuite> <!-- Scripts.Thoughtwork -->
